2021-10-21 16:54:16,517 [   3029]   WARN - l.NotificationGroupManagerImpl - Notification group CodeWithMe is already registered (group=com.intellij.notification.NotificationGroup@50786d6d). Plugin descriptor: PluginDescriptor(name=Code With Me, id=com.jetbrains.codeWithMe, descriptorPath=plugin.xml, path=~/Downloads/ideaIC-2021.2.2/idea-IC-212.5284.40/plugins/cwm-plugin, version=212.5284.40, package=null) 
2021-10-21 16:54:46,629 [  33141]   WARN - .kotlin.VirtualFileKotlinClass - Could not read file: /home/ahmed/.jdks/openjdk-17!/java.base/sun/security/util/KnownOIDs.class; size in bytes: 32270; file type: CLASS 
java.lang.UnsupportedOperationException: PermittedSubclasses requires ASM9
	at org.jetbrains.org.objectweb.asm.ClassVisitor.visitPermittedSubclass(ClassVisitor.java:266)
	at org.jetbrains.org.objectweb.asm.ClassReader.accept(ClassReader.java:684)
	at org.jetbrains.org.objectweb.asm.ClassReader.accept(ClassReader.java:402)
	at org.jetbrains.kotlin.load.kotlin.FileBasedKotlinClass.create(FileBasedKotlinClass.java:96)
	at org.jetbrains.kotlin.load.kotlin.VirtualFileKotlinClass$Factory$create$1.invoke(VirtualFileKotlinClass.kt:67)
	at org.jetbrains.kotlin.load.kotlin.VirtualFileKotlinClass$Factory$create$1.invoke(VirtualFileKotlinClass.kt:61)
	at org.jetbrains.kotlin.util.PerformanceCounter.time(PerformanceCounter.kt:101)
	at org.jetbrains.kotlin.load.kotlin.VirtualFileKotlinClass$Factory.create(VirtualFileKotlinClass.kt:61)
	at org.jetbrains.kotlin.load.kotlin.KotlinBinaryClassCache$Companion.getKotlinBinaryClassOrClassFileContent$lambda-0(KotlinBinaryClassCache.kt:86)
	at com.intellij.openapi.application.impl.ApplicationImpl.runReadAction(ApplicationImpl.java:841)
	at org.jetbrains.kotlin.load.kotlin.KotlinBinaryClassCache$Companion.getKotlinBinaryClassOrClassFileContent(KotlinBinaryClassCache.kt:84)
	at org.jetbrains.kotlin.idea.caches.IDEKotlinBinaryClassCache.kotlinJvmBinaryClass(IDEKotlinBinaryClassCache.kt:55)
	at org.jetbrains.kotlin.idea.caches.IDEKotlinBinaryClassCache.getKotlinBinaryClassHeaderData(IDEKotlinBinaryClassCache.kt:80)
	at org.jetbrains.kotlin.idea.vfilefinder.KotlinClassFileIndex$INDEXER$1.invoke(fileIndexes.kt:84)
	at org.jetbrains.kotlin.idea.vfilefinder.KotlinClassFileIndex$INDEXER$1.invoke(fileIndexes.kt:73)
	at org.jetbrains.kotlin.idea.vfilefinder.KotlinFileIndexBase$indexer$1.map(fileIndexes.kt:57)
	at org.jetbrains.kotlin.idea.vfilefinder.KotlinFileIndexBase$indexer$1.map(fileIndexes.kt:33)
	at com.intellij.util.indexing.impl.MapReduceIndex.mapByIndexer(MapReduceIndex.java:328)
	at com.intellij.util.indexing.impl.MapReduceIndex.mapInput(MapReduceIndex.java:318)
	at com.intellij.util.indexing.impl.storage.VfsAwareMapReduceIndex.mapInput(VfsAwareMapReduceIndex.java:182)
	at com.intellij.util.indexing.impl.storage.VfsAwareMapReduceIndex.mapInput(VfsAwareMapReduceIndex.java:47)
	at com.intellij.util.indexing.impl.MapReduceIndex.mapInputAndPrepareUpdate(MapReduceIndex.java:263)
	at com.intellij.indexing.composite.CompositeInvertedIndexBase.updateBaseIndex(CompositeInvertedIndexBase.java:232)
	at com.intellij.indexing.composite.CompositeInvertedIndexBase.mapInputAndPrepareUpdate(CompositeInvertedIndexBase.java:55)
	at com.intellij.indexing.composite.CompositeInvertedIndexBase.mapInputAndPrepareUpdate(CompositeInvertedIndexBase.java:26)
	at com.intellij.util.indexing.FileBasedIndexImpl.updateSingleIndex(FileBasedIndexImpl.java:1520)
	at com.intellij.util.indexing.FileBasedIndexImpl.lambda$doIndexFileContent$23(FileBasedIndexImpl.java:1394)
	at com.intellij.openapi.fileTypes.impl.FileTypeManagerImpl.freezeFileTypeTemporarilyIn(FileTypeManagerImpl.java:644)
	at com.intellij.util.indexing.FileBasedIndexImpl.doIndexFileContent(FileBasedIndexImpl.java:1361)
	at com.intellij.util.indexing.FileBasedIndexImpl.indexFileContent(FileBasedIndexImpl.java:1315)
	at com.intellij.util.indexing.contentQueue.IndexUpdateRunner.lambda$indexOneFileOfJob$5(IndexUpdateRunner.java:267)
	at com.intellij.openapi.application.impl.NonBlockingReadActionImpl$Submission.insideReadAction(NonBlockingReadActionImpl.java:521)
	at com.intellij.openapi.application.impl.NonBlockingReadActionImpl$Submission.lambda$attemptComputation$3(NonBlockingReadActionImpl.java:486)
	at com.intellij.openapi.application.impl.ApplicationImpl.tryRunReadAction(ApplicationImpl.java:1078)
	at com.intellij.openapi.progress.util.ProgressIndicatorUtils.lambda$runInReadActionWithWriteActionPriority$0(ProgressIndicatorUtils.java:78)
	at com.intellij.openapi.progress.util.ProgressIndicatorUtils.runActionAndCancelBeforeWrite(ProgressIndicatorUtils.java:161)
	at com.intellij.openapi.progress.util.ProgressIndicatorUtils.lambda$runWithWriteActionPriority$1(ProgressIndicatorUtils.java:118)
	at com.intellij.openapi.progress.ProgressManager.lambda$runProcess$0(ProgressManager.java:57)
	at com.intellij.openapi.progress.impl.CoreProgressManager.lambda$runProcess$2(CoreProgressManager.java:183)
	at com.intellij.openapi.progress.impl.CoreProgressManager.registerIndicatorAndRun(CoreProgressManager.java:705)
	at com.intellij.openapi.progress.impl.CoreProgressManager.executeProcessUnderProgress(CoreProgressManager.java:647)
	at com.intellij.openapi.progress.impl.ProgressManagerImpl.executeProcessUnderProgress(ProgressManagerImpl.java:63)
	at com.intellij.openapi.progress.impl.CoreProgressManager.runProcess(CoreProgressManager.java:170)
	at com.intellij.openapi.progress.ProgressManager.runProcess(ProgressManager.java:57)
	at com.intellij.openapi.progress.util.ProgressIndicatorUtils.runWithWriteActionPriority(ProgressIndicatorUtils.java:115)
	at com.intellij.openapi.progress.util.ProgressIndicatorUtils.runInReadActionWithWriteActionPriority(ProgressIndicatorUtils.java:78)
	at com.intellij.openapi.application.impl.NonBlockingReadActionImpl$Submission.attemptComputation(NonBlockingReadActionImpl.java:486)
	at com.intellij.openapi.application.impl.NonBlockingReadActionImpl$Submission.executeSynchronously(NonBlockingReadActionImpl.java:421)
	at com.intellij.openapi.application.impl.NonBlockingReadActionImpl.executeSynchronously(NonBlockingReadActionImpl.java:186)
	at com.intellij.util.indexing.contentQueue.IndexUpdateRunner.indexOneFileOfJob(IndexUpdateRunner.java:270)
	at com.intellij.util.indexing.contentQueue.IndexUpdateRunner.lambda$indexJobsFairly$4(IndexUpdateRunner.java:210)
	at com.intellij.openapi.progress.impl.ProgressSuspender.executeNonSuspendableSection(ProgressSuspender.java:83)
	at com.intellij.util.indexing.contentQueue.IndexUpdateRunner.indexJobsFairly(IndexUpdateRunner.java:213)
	at com.intellij.util.indexing.contentQueue.IndexUpdateRunner.lambda$doIndexFiles$3(IndexUpdateRunner.java:147)
	at com.intellij.util.concurrency.BoundedTaskExecutor.doRun(BoundedTaskExecutor.java:216)
	at com.intellij.util.concurrency.BoundedTaskExecutor.access$200(BoundedTaskExecutor.java:27)
	at com.intellij.util.concurrency.BoundedTaskExecutor$1.execute(BoundedTaskExecutor.java:195)
	at com.intellij.util.ConcurrencyUtil.runUnderThreadName(ConcurrencyUtil.java:213)
	at com.intellij.util.concurrency.BoundedTaskExecutor$1.run(BoundedTaskExecutor.java:184)
	at java.base/java.util.concurrent.ThreadPoolExecutor.runWorker(ThreadPoolExecutor.java:1128)
	at java.base/java.util.concurrent.ThreadPoolExecutor$Worker.run(ThreadPoolExecutor.java:628)
	at java.base/java.util.concurrent.Executors$PrivilegedThreadFactory$1$1.run(Executors.java:668)
	at java.base/java.util.concurrent.Executors$PrivilegedThreadFactory$1$1.run(Executors.java:665)
	at java.base/java.security.AccessController.doPrivileged(Native Method)
	at java.base/java.util.concurrent.Executors$PrivilegedThreadFactory$1.run(Executors.java:665)
	at java.base/java.lang.Thread.run(Thread.java:829)
2021-10-21 16:54:47,557 [  34069]   WARN - .kotlin.VirtualFileKotlinClass - Exception 'java.lang.UnsupportedOperationException: PermittedSubclasses requires ASM9' was reported 10 times 
2021-10-21 16:54:52,165 [  38677]   WARN - .kotlin.VirtualFileKotlinClass - Exception 'java.lang.UnsupportedOperationException: PermittedSubclasses requires ASM9' was reported 20 times 
2021-10-21 16:54:52,346 [  38858]   WARN - .kotlin.VirtualFileKotlinClass - Exception 'java.lang.UnsupportedOperationException: PermittedSubclasses requires ASM9' was reported 30 times 
2021-10-21 16:54:53,314 [  39826]   WARN - .kotlin.VirtualFileKotlinClass - Exception 'java.lang.UnsupportedOperationException: PermittedSubclasses requires ASM9' was reported 40 times 
2021-10-21 17:54:40,943 [3627455]   WARN - #java.net.UnknownHostException - Error occurred while performing a request 
java.net.UnknownHostException: package-search.services.jetbrains.com
	at java.base/java.net.AbstractPlainSocketImpl.connect(AbstractPlainSocketImpl.java:220)
	at java.base/java.net.SocksSocketImpl.connect(SocksSocketImpl.java:392)
	at java.base/java.net.Socket.connect(Socket.java:609)
	at java.base/sun.security.ssl.SSLSocketImpl.connect(SSLSocketImpl.java:299)
	at java.base/sun.net.NetworkClient.doConnect(NetworkClient.java:177)
	at java.base/sun.net.www.http.HttpClient.openServer(HttpClient.java:474)
	at java.base/sun.net.www.http.HttpClient.openServer(HttpClient.java:569)
	at java.base/sun.net.www.protocol.https.HttpsClient.<init>(HttpsClient.java:266)
	at java.base/sun.net.www.protocol.https.HttpsClient.New(HttpsClient.java:373)
	at java.base/sun.net.www.protocol.https.AbstractDelegateHttpsURLConnection.getNewHttpClient(AbstractDelegateHttpsURLConnection.java:203)
	at java.base/sun.net.www.protocol.http.HttpURLConnection.plainConnect0(HttpURLConnection.java:1232)
	at java.base/sun.net.www.protocol.http.HttpURLConnection.plainConnect(HttpURLConnection.java:1081)
	at java.base/sun.net.www.protocol.https.AbstractDelegateHttpsURLConnection.connect(AbstractDelegateHttpsURLConnection.java:189)
	at java.base/sun.net.www.protocol.http.HttpURLConnection.getInputStream0(HttpURLConnection.java:1592)
	at java.base/sun.net.www.protocol.http.HttpURLConnection.getInputStream(HttpURLConnection.java:1520)
	at java.base/java.net.HttpURLConnection.getResponseCode(HttpURLConnection.java:527)
	at java.base/sun.net.www.protocol.https.HttpsURLConnectionImpl.getResponseCode(HttpsURLConnectionImpl.java:334)
	at com.intellij.util.io.HttpRequests.openConnection(HttpRequests.java:609)
	at com.intellij.util.io.HttpRequests$RequestImpl.getConnection(HttpRequests.java:356)
	at com.jetbrains.packagesearch.intellij.plugin.api.http.HttpWrapperKt$requestString$2$1.process(HttpWrapper.kt:35)
	at com.jetbrains.packagesearch.intellij.plugin.api.http.HttpWrapperKt$requestString$2$1.process(HttpWrapper.kt:34)
	at com.intellij.util.io.HttpRequests.doProcess(HttpRequests.java:517)
	at com.intellij.util.io.HttpRequests.process(HttpRequests.java:499)
	at com.intellij.util.io.HttpRequests$RequestBuilderImpl.connect(HttpRequests.java:332)
	at com.jetbrains.packagesearch.intellij.plugin.api.http.HttpWrapperKt.requestString(HttpWrapper.kt:34)
	at com.jetbrains.packagesearch.intellij.plugin.api.PackageSearchApiClient.repositories(PackageSearchApiClient.kt:103)
	at com.jetbrains.packagesearch.intellij.plugin.ui.toolwindow.models.ProjectDataProvider.fetchKnownRepositories(ProjectDataProvider.kt:24)
	at com.jetbrains.packagesearch.intellij.plugin.ui.toolwindow.models.PackageSearchDataService$refreshKnownRepositories$2.invokeSuspend(PackageSearchDataService.kt:227)
	at com.jetbrains.packagesearch.intellij.plugin.ui.toolwindow.models.PackageSearchDataService$refreshKnownRepositories$2.invoke(PackageSearchDataService.kt)
	at com.jetbrains.packagesearch.intellij.plugin.ui.toolwindow.models.PackageSearchDataService$refreshKnownRepositories$2.invoke(PackageSearchDataService.kt)
	at kotlinx.coroutines.intrinsics.UndispatchedKt.startUndispatchedOrReturn(Undispatched.kt:89)
	at kotlinx.coroutines.CoroutineScopeKt.coroutineScope(CoroutineScope.kt:264)
	at com.jetbrains.packagesearch.intellij.plugin.ui.toolwindow.models.PackageSearchDataService.refreshKnownRepositories(PackageSearchDataService.kt:224)
	at com.jetbrains.packagesearch.intellij.plugin.ui.toolwindow.models.PackageSearchDataService.access$refreshKnownRepositories(PackageSearchDataService.kt:81)
	at com.jetbrains.packagesearch.intellij.plugin.ui.toolwindow.models.PackageSearchDataService$1.invokeSuspend(PackageSearchDataService.kt:179)
	at com.jetbrains.packagesearch.intellij.plugin.ui.toolwindow.models.PackageSearchDataService$1.invoke(PackageSearchDataService.kt)
	at com.jetbrains.packagesearch.intellij.plugin.ui.toolwindow.models.PackageSearchDataService$1.invoke(PackageSearchDataService.kt)
	at com.jetbrains.packagesearch.intellij.plugin.util.CoroutinesUtilsKt$launchLoop$1.invokeSuspend(CoroutinesUtils.kt:26)
	at kotlin.coroutines.jvm.internal.BaseContinuationImpl.resumeWith(ContinuationImpl.kt:33)
	at kotlinx.coroutines.DispatchedTask.run(DispatchedTask.kt:106)
	at kotlinx.coroutines.scheduling.CoroutineScheduler.runSafely(CoroutineScheduler.kt:571)
	at kotlinx.coroutines.scheduling.CoroutineScheduler$Worker.executeTask(CoroutineScheduler.kt:750)
	at kotlinx.coroutines.scheduling.CoroutineScheduler$Worker.runWorker(CoroutineScheduler.kt:678)
	at kotlinx.coroutines.scheduling.CoroutineScheduler$Worker.run(CoroutineScheduler.kt:665)
