My PID: 22873

From a new terminal type `kill -SIGINT 22873` or `kill -SIGTERM 22873` to stop processing packets

My ID: 8

List of resolved hosts is:
==========================
1
Human-readable IP: 127.0.0.1
Human-readable Port: 11001

2
Human-readable IP: 127.0.0.1
Human-readable Port: 11002

3
Human-readable IP: 127.0.0.1
Human-readable Port: 11003

4
Human-readable IP: 127.0.0.1
Human-readable Port: 11004

5
Human-readable IP: 127.0.0.1
Human-readable Port: 11005

6
Human-readable IP: 127.0.0.1
Human-readable Port: 11006

7
Human-readable IP: 127.0.0.1
Human-readable Port: 11007

8
Human-readable IP: 127.0.0.1
Human-readable Port: 11008

9
Human-readable IP: 127.0.0.1
Human-readable Port: 11009

10
Human-readable IP: 127.0.0.1
Human-readable Port: 11010


Path to output:
===============
/home/ahmed/class/da/project/CS451-2021-project/tools/logsdir/proc08.output

Path to config:
===============
logsdir/config

Doing some initialization

Broadcasting and delivering messages...

Receiver: 1
Number of messages: 100
Immediately stopping network packet processing.
Writing output.
